{"time":"2024-09-05T16:50:27.806823143+05:00","level":"ERROR","msg":"failed to post comment","!BADKEY":"pq: invalid input syntax for type uuid: \"string\""}
{"time":"2024-09-05T16:50:27.806854748+05:00","level":"ERROR","msg":"Failed in PostComment: pq: invalid input syntax for type uuid: \"string\""}
{"time":"2024-09-05T16:50:27.80694759+05:00","level":"ERROR","msg":"failed to post comment","!BADKEY":"pq: invalid input syntax for type uuid: \"string\""}
{"time":"2024-09-05T16:50:27.806952102+05:00","level":"ERROR","msg":"Failed in PostComment: pq: invalid input syntax for type uuid: \"string\""}
{"time":"2024-09-05T16:50:27.807128462+05:00","level":"ERROR","msg":"failed to post comment","!BADKEY":"pq: invalid input syntax for type uuid: \"string\""}
{"time":"2024-09-05T16:50:27.807140694+05:00","level":"ERROR","msg":"Failed in PostComment: pq: invalid input syntax for type uuid: \"string\""}
{"time":"2024-09-05T16:53:07.360781879+05:00","level":"ERROR","msg":"failed to post comment","!BADKEY":"pq: invalid input syntax for type uuid: \"string\""}
{"time":"2024-09-05T16:53:07.360818548+05:00","level":"ERROR","msg":"Failed in PostComment: pq: invalid input syntax for type uuid: \"string\""}
{"time":"2024-09-05T16:53:59.046267607+05:00","level":"ERROR","msg":"failed to post comment","!BADKEY":"pq: invalid input syntax for type uuid: \"string\""}
{"time":"2024-09-05T16:53:59.046336632+05:00","level":"ERROR","msg":"Failed in PostComment: pq: invalid input syntax for type uuid: \"string\""}
{"time":"2024-09-05T16:54:31.486996067+05:00","level":"INFO","msg":"Shutting down, waiting for consumers to finish"}
{"time":"2024-09-05T16:54:31.487114851+05:00","level":"INFO","msg":"Context done, stopping consumer","consumer":"AddLike"}
{"time":"2024-09-05T16:54:31.487152309+05:00","level":"INFO","msg":"Context done, stopping consumer","consumer":"PostTweet"}
{"time":"2024-09-05T16:54:31.487170104+05:00","level":"INFO","msg":"Context done, stopping consumer","consumer":"PostComment"}
{"time":"2024-09-05T16:54:31.487111969+05:00","level":"INFO","msg":"Context done, stopping consumer","consumer":"UpdateComment"}
{"time":"2024-09-05T16:54:31.487161235+05:00","level":"INFO","msg":"Context done, stopping consumer","consumer":"UpdateTweet"}
{"time":"2024-09-05T16:54:31.487232116+05:00","level":"INFO","msg":"All consumers have stopped"}
{"time":"2024-09-05T16:55:06.009854013+05:00","level":"ERROR","msg":"failed to post comment","!BADKEY":"pq: invalid input syntax for type uuid: \"string\""}
{"time":"2024-09-05T16:55:06.009901968+05:00","level":"ERROR","msg":"Failed in PostComment: pq: invalid input syntax for type uuid: \"string\""}
{"time":"2024-09-05T16:56:10.832705888+05:00","level":"INFO","msg":"Shutting down, waiting for consumers to finish"}
{"time":"2024-09-05T16:56:10.832801003+05:00","level":"INFO","msg":"Context done, stopping consumer","consumer":"AddLike"}
{"time":"2024-09-05T16:56:10.832880521+05:00","level":"INFO","msg":"Context done, stopping consumer","consumer":"PostComment"}
{"time":"2024-09-05T16:56:10.832895395+05:00","level":"INFO","msg":"Context done, stopping consumer","consumer":"UpdateComment"}
{"time":"2024-09-05T16:56:10.832916998+05:00","level":"INFO","msg":"Context done, stopping consumer","consumer":"PostTweet"}
{"time":"2024-09-05T16:56:10.832887994+05:00","level":"INFO","msg":"Context done, stopping consumer","consumer":"UpdateTweet"}
{"time":"2024-09-05T16:56:10.832980693+05:00","level":"INFO","msg":"All consumers have stopped"}
{"time":"2024-09-05T16:56:22.027197076+05:00","level":"ERROR","msg":"failed to post comment","!BADKEY":"pq: invalid input syntax for type uuid: \"string\""}
{"time":"2024-09-05T16:56:22.027240219+05:00","level":"ERROR","msg":"Failed in PostComment: pq: invalid input syntax for type uuid: \"string\""}
{"time":"2024-09-05T17:04:31.744222195+05:00","level":"INFO","msg":"Shutting down, waiting for consumers to finish"}
{"time":"2024-09-05T17:04:31.744296163+05:00","level":"INFO","msg":"Context done, stopping consumer","consumer":"AddLike"}
{"time":"2024-09-05T17:04:31.744303522+05:00","level":"INFO","msg":"Context done, stopping consumer","consumer":"UpdateTweet"}
{"time":"2024-09-05T17:04:31.744295531+05:00","level":"INFO","msg":"Context done, stopping consumer","consumer":"UpdateComment"}
{"time":"2024-09-05T17:04:31.744314236+05:00","level":"INFO","msg":"Context done, stopping consumer","consumer":"PostComment"}
{"time":"2024-09-05T17:04:31.744401887+05:00","level":"INFO","msg":"Context done, stopping consumer","consumer":"PostTweet"}
{"time":"2024-09-05T17:04:31.744427093+05:00","level":"INFO","msg":"All consumers have stopped"}
